<?xml version="1.0" encoding="UTF-8"?>
<questions>
	
	<!-- GeneralQuestion 普通类型的题目 -->
	<generals>
		<general id="">
			<name></name>
			<url></url>
			<descriptioin></descriptioin>
		</general>
		
	</generals>
	
	
	<!-- imgQuestion 带有图片资源的题目实体类 -->
	<imgs>
		<img id="">
			<name></name>
			<url></url>
			<descriptioin></descriptioin>
			<resource></resource>
		</img>
	</imgs>
	
	
</questions>